<?xml version="1.0" encoding="UTF-8"?>
<!-- Generated by org.testng.reporters.JUnitXMLReporter -->
<testsuite ignored="0" hostname="Venkatesan" failures="1" tests="1" name="Chrometest" time="25.221" errors="0" timestamp="2025-01-19T17:34:15 IST">
  <testcase classname="com.OrangeHRM.testcases.Loginpagetest" name="Verifylogin" time="8.951">
    <failure type="java.lang.AssertionError" message="null">
      <![CDATA[java.lang.AssertionError: null
at com.OrangeHRM.Utilities.ActionEngine.click(ActionEngine.java:76)
at com.OrangeHRM.pageobjects.Loginpage2.loginapp(Loginpage2.java:21)
at com.OrangeHRM.testcases.Loginpagetest.Verifylogin(Loginpagetest.java:25)
at java.base/java.util.ArrayList.forEach(ArrayList.java:1511)
... Removed 29 stack frames]]>
    </failure>
  </testcase> <!-- Verifylogin -->
</testsuite> <!-- Chrometest -->
