<?xml version="1.0" encoding="UTF-8"?>
<!-- Generated by org.testng.reporters.JUnitXMLReporter -->
<testsuite ignored="0" hostname="Venkatesan" failures="5" tests="9" name="Logintest" time="97.805" errors="0" timestamp="2024-12-05T11:13:09 IST">
  <testcase classname="com.OrangeHRM.testcases.Logintest" name="TC001_logintest" time="9.225"/>
  <testcase classname="com.OrangeHRM.testcases.SearchProduct" name="TC03_searchpdt" time="16.95"/>
  <testcase classname="com.OrangeHRM.testcases.Producttest" name="TC02_ViewProduct" time="16.045"/>
  <testcase classname="com.OrangeHRM.testcases.Addproduct" name="TC04_VerifyaddProduct" time="19.74">
    <failure type="java.lang.AssertionError" message="java.lang.NullPointerException: Cannot invoke &amp;quot;String.equals(Object)&amp;quot; because &amp;quot;actualValue&amp;quot; is null expected [true] but found [false]">
      <![CDATA[java.lang.AssertionError: java.lang.NullPointerException: Cannot invoke "String.equals(Object)" because "actualValue" is null expected [true] but found [false]
at com.OrangeHRM.Utilities.ActionEngine.assertEqualsString_custom(ActionEngine.java:189)
at com.OrangeHRM.testcases.Addproduct.TC04_VerifyaddProduct(Addproduct.java:67)
at java.base/java.util.concurrent.ThreadPoolExecutor.runWorker(ThreadPoolExecutor.java:1136)
at java.base/java.util.concurrent.ThreadPoolExecutor$Worker.run(ThreadPoolExecutor.java:635)
at java.base/java.lang.Thread.run(Thread.java:840)
... Removed 15 stack frames]]>
    </failure>
  </testcase> <!-- TC04_VerifyaddProduct -->
  <testcase classname="com.OrangeHRM.testcases.Contactustest" name="TC007_verifycontactus" time="11.393">
    <failure type="java.lang.AssertionError" message="java.lang.NullPointerException: Cannot invoke &amp;quot;String.equals(Object)&amp;quot; because &amp;quot;actualValue&amp;quot; is null expected [true] but found [false]">
      <![CDATA[java.lang.AssertionError: java.lang.NullPointerException: Cannot invoke "String.equals(Object)" because "actualValue" is null expected [true] but found [false]
at com.OrangeHRM.Utilities.ActionEngine.assertEqualsString_custom(ActionEngine.java:189)
at com.OrangeHRM.testcases.Contactustest.TC007_verifycontactus(Contactustest.java:31)
at java.base/java.util.concurrent.ThreadPoolExecutor.runWorker(ThreadPoolExecutor.java:1136)
at java.base/java.util.concurrent.ThreadPoolExecutor$Worker.run(ThreadPoolExecutor.java:635)
at java.base/java.lang.Thread.run(Thread.java:840)
... Removed 15 stack frames]]>
    </failure>
  </testcase> <!-- TC007_verifycontactus -->
  <testcase classname="com.OrangeHRM.testcases.ValidateLinks" name="TC06_Validatealltabs" time="13.099">
    <failure type="java.lang.AssertionError" message="expected [true] but found [false]">
      <![CDATA[java.lang.AssertionError: expected [true] but found [false]
at com.OrangeHRM.Utilities.ActionEngine.assertEqualsString_custom(ActionEngine.java:186)
at com.OrangeHRM.testcases.ValidateLinks.TC06_Validatealltabs(ValidateLinks.java:33)
at java.base/java.util.concurrent.ThreadPoolExecutor.runWorker(ThreadPoolExecutor.java:1136)
at java.base/java.util.concurrent.ThreadPoolExecutor$Worker.run(ThreadPoolExecutor.java:635)
at java.base/java.lang.Thread.run(Thread.java:840)
... Removed 16 stack frames]]>
    </failure>
  </testcase> <!-- TC06_Validatealltabs -->
  <testcase classname="com.OrangeHRM.testcases.EndToEndScenarioTest" name="TC08_verifycheckout" time="15.289">
    <failure type="java.lang.AssertionError" message="expected [true] but found [false]">
      <![CDATA[java.lang.AssertionError: expected [true] but found [false]
at com.OrangeHRM.Utilities.ActionEngine.assertEqualsString_custom(ActionEngine.java:186)
at com.OrangeHRM.testcases.EndToEndScenarioTest.TC08_verifycheckout(EndToEndScenarioTest.java:56)
at java.base/java.util.concurrent.ThreadPoolExecutor.runWorker(ThreadPoolExecutor.java:1136)
at java.base/java.util.concurrent.ThreadPoolExecutor$Worker.run(ThreadPoolExecutor.java:635)
at java.base/java.lang.Thread.run(Thread.java:840)
... Removed 16 stack frames]]>
    </failure>
  </testcase> <!-- TC08_verifycheckout -->
  <testcase classname="com.OrangeHRM.testcases.Categorytest" name="TC06_ViewCategoryPdts" time="40.523"/>
  <testcase classname="com.OrangeHRM.testcases.SearchProductAndAddProduct" name="TC05_SearchandAddpdt" time="80.839">
    <failure type="java.lang.AssertionError" message="expected [Your product has been added to cart.] but found []">
      <![CDATA[java.lang.AssertionError: expected [Your product has been added to cart.] but found []
at com.OrangeHRM.testcases.SearchProductAndAddProduct.TC05_SearchandAddpdt(SearchProductAndAddProduct.java:66)
at java.base/java.util.concurrent.ThreadPoolExecutor.runWorker(ThreadPoolExecutor.java:1136)
at java.base/java.util.concurrent.ThreadPoolExecutor$Worker.run(ThreadPoolExecutor.java:635)
at java.base/java.lang.Thread.run(Thread.java:840)
... Removed 18 stack frames]]>
    </failure>
  </testcase> <!-- TC05_SearchandAddpdt -->
</testsuite> <!-- Logintest -->
