<html>
<head>
<title>TestNG:  Logintest</title>
<link href="../testng.css" rel="stylesheet" type="text/css" />
<link href="../my-testng.css" rel="stylesheet" type="text/css" />

<style type="text/css">
.log { display: none;} 
.stack-trace { display: none;} 
</style>
<script type="text/javascript">
<!--
function flip(e) {
  current = e.style.display;
  if (current == 'block') {
    e.style.display = 'none';
    return 0;
  }
  else {
    e.style.display = 'block';
    return 1;
  }
}

function toggleBox(szDivId, elem, msg1, msg2)
{
  var res = -1;  if (document.getElementById) {
    res = flip(document.getElementById(szDivId));
  }
  else if (document.all) {
    // this is the way old msie versions work
    res = flip(document.all[szDivId]);
  }
  if(elem) {
    if(res == 0) elem.innerHTML = msg1; else elem.innerHTML = msg2;
  }

}

function toggleAllBoxes() {
  if (document.getElementsByTagName) {
    d = document.getElementsByTagName('div');
    for (i = 0; i < d.length; i++) {
      if (d[i].className == 'log') {
        flip(d[i]);
      }
    }
  }
}

// -->
</script>

</head>
<body>
<h2 align='center'>Logintest</h2><table border='1' align="center">
<tr>
<td>Tests passed/Failed/Skipped:</td><td>4/5/0</td>
</tr><tr>
<td>Started on:</td><td>Thu Dec 05 11:11:31 IST 2024</td>
</tr>
<tr><td>Total time:</td><td>97 seconds (97805 ms)</td>
</tr><tr>
<td>Included groups:</td><td></td>
</tr><tr>
<td>Excluded groups:</td><td></td>
</tr>
</table><p/>
<small><i>(Hover the method name to see the test class name)</i></small><p/>
<table width='100%' border='1' class='invocation-failed'>
<tr><td colspan='4' align='center'><b>FAILED TESTS</b></td></tr>
<tr><td><b>Test method</b></td>
<td><b>Attribute(s)</b></td>
<td width="30%"><b>Exception</b></td>
<td width="10%"><b>Time (seconds)</b></td>
<td><b>Instance</b></td>
</tr>
<tr>
<td title='com.OrangeHRM.testcases.Addproduct.TC04_VerifyaddProduct()'><b>TC04_VerifyaddProduct</b><br>Test class: com.OrangeHRM.testcases.Addproduct<br>Parameters: {Product2price=Rs. 1299, Pricelabel=cart_price, Product2qty=1, Email=vprsaran@gmail.com, Product1Total=Rs. 500, Totallabel=cart_total, Product1qty=1, TotalAmount=Rs. 1799, Productconfirmmsg=Your product has been added to cart., ProductTitle=Automation Exercise - All Products, Hometitle=Automation Exercise, Quantitylabel=cart_quantity, Shoppingtitle=Automation Exercise - Checkout, Product1price=Rs. 500, Productname2=Pure Cotton V-Neck T-Shirt, Productname1=Blue Top, Product2Total=Rs. 1299, Password=Testing@123}</td>
<td><div><pre>java.lang.AssertionError: java.lang.NullPointerException: Cannot invoke &quot;String.equals(Object)&quot; because &quot;actualValue&quot; is null expected [true] but found [false]
	at com.OrangeHRM.Utilities.ActionEngine.assertEqualsString_custom(ActionEngine.java:189)
	at com.OrangeHRM.testcases.Addproduct.TC04_VerifyaddProduct(Addproduct.java:67)
	at java.base/java.util.concurrent.ThreadPoolExecutor.runWorker(ThreadPoolExecutor.java:1136)
	at java.base/java.util.concurrent.ThreadPoolExecutor$Worker.run(ThreadPoolExecutor.java:635)
	at java.base/java.lang.Thread.run(Thread.java:840)
... Removed 15 stack frames</pre></div><a href='#' onClick='toggleBox("stack-trace123567645", this, "Click to show all stack frames", "Click to hide stack frames")'>Click to show all stack frames</a>
<div class='stack-trace' id='stack-trace123567645'><pre>java.lang.AssertionError: java.lang.NullPointerException: Cannot invoke &quot;String.equals(Object)&quot; because &quot;actualValue&quot; is null expected [true] but found [false]
	at org.testng.Assert.fail(Assert.java:111)
	at org.testng.Assert.failNotEquals(Assert.java:1578)
	at org.testng.Assert.assertTrue(Assert.java:57)
	at com.OrangeHRM.Utilities.ActionEngine.assertEqualsString_custom(ActionEngine.java:189)
	at com.OrangeHRM.testcases.Addproduct.TC04_VerifyaddProduct(Addproduct.java:67)
	at java.base/jdk.internal.reflect.NativeMethodAccessorImpl.invoke0(Native Method)
	at java.base/jdk.internal.reflect.NativeMethodAccessorImpl.invoke(NativeMethodAccessorImpl.java:77)
	at java.base/jdk.internal.reflect.DelegatingMethodAccessorImpl.invoke(DelegatingMethodAccessorImpl.java:43)
	at java.base/java.lang.reflect.Method.invoke(Method.java:568)
	at org.testng.internal.invokers.MethodInvocationHelper.invokeMethod(MethodInvocationHelper.java:139)
	at org.testng.internal.invokers.TestInvoker.invokeMethod(TestInvoker.java:664)
	at org.testng.internal.invokers.TestInvoker.invokeTestMethod(TestInvoker.java:227)
	at org.testng.internal.invokers.MethodRunner.runInSequence(MethodRunner.java:50)
	at org.testng.internal.invokers.TestInvoker$MethodInvocationAgent.invoke(TestInvoker.java:957)
	at org.testng.internal.invokers.TestInvoker.invokeTestMethods(TestInvoker.java:200)
	at org.testng.internal.invokers.TestMethodWorker.invokeTestMethods(TestMethodWorker.java:148)
	at org.testng.internal.invokers.TestMethodWorker.run(TestMethodWorker.java:128)
	at java.base/java.util.concurrent.ThreadPoolExecutor.runWorker(ThreadPoolExecutor.java:1136)
	at java.base/java.util.concurrent.ThreadPoolExecutor$Worker.run(ThreadPoolExecutor.java:635)
	at java.base/java.lang.Thread.run(Thread.java:840)
</pre></div></td>
<td>19</td>
<td>com.OrangeHRM.testcases.Addproduct@73ba6fe6</td></tr>
<tr>
<td title='com.OrangeHRM.testcases.EndToEndScenarioTest.TC08_verifycheckout()'><b>TC08_verifycheckout</b><br>Test class: com.OrangeHRM.testcases.EndToEndScenarioTest<br>Parameters: {Product2price=Rs. 1299, Pricelabel=cart_price, Product2qty=1, Email=vprsaran@gmail.com, Product1Total=Rs. 500, Totallabel=cart_total, Product1qty=1, TotalAmount=Rs. 1799, Productconfirmmsg=Your product has been added to cart., ProductTitle=Automation Exercise - All Products, Hometitle=Automation Exercise, Quantitylabel=cart_quantity, Shoppingtitle=Automation Exercise - Checkout, Product1price=Rs. 500, Productname2=Pure Cotton V-Neck T-Shirt, Productname1=Blue Top, Product2Total=Rs. 1299, Password=Testing@123}</td>
<td><div><pre>java.lang.AssertionError: expected [true] but found [false]
	at com.OrangeHRM.Utilities.ActionEngine.assertEqualsString_custom(ActionEngine.java:186)
	at com.OrangeHRM.testcases.EndToEndScenarioTest.TC08_verifycheckout(EndToEndScenarioTest.java:56)
	at java.base/java.util.concurrent.ThreadPoolExecutor.runWorker(ThreadPoolExecutor.java:1136)
	at java.base/java.util.concurrent.ThreadPoolExecutor$Worker.run(ThreadPoolExecutor.java:635)
	at java.base/java.lang.Thread.run(Thread.java:840)
... Removed 16 stack frames</pre></div><a href='#' onClick='toggleBox("stack-trace540250289", this, "Click to show all stack frames", "Click to hide stack frames")'>Click to show all stack frames</a>
<div class='stack-trace' id='stack-trace540250289'><pre>java.lang.AssertionError: expected [true] but found [false]
	at org.testng.Assert.fail(Assert.java:111)
	at org.testng.Assert.failNotEquals(Assert.java:1578)
	at org.testng.Assert.assertTrue(Assert.java:57)
	at org.testng.Assert.assertTrue(Assert.java:67)
	at com.OrangeHRM.Utilities.ActionEngine.assertEqualsString_custom(ActionEngine.java:186)
	at com.OrangeHRM.testcases.EndToEndScenarioTest.TC08_verifycheckout(EndToEndScenarioTest.java:56)
	at java.base/jdk.internal.reflect.NativeMethodAccessorImpl.invoke0(Native Method)
	at java.base/jdk.internal.reflect.NativeMethodAccessorImpl.invoke(NativeMethodAccessorImpl.java:77)
	at java.base/jdk.internal.reflect.DelegatingMethodAccessorImpl.invoke(DelegatingMethodAccessorImpl.java:43)
	at java.base/java.lang.reflect.Method.invoke(Method.java:568)
	at org.testng.internal.invokers.MethodInvocationHelper.invokeMethod(MethodInvocationHelper.java:139)
	at org.testng.internal.invokers.TestInvoker.invokeMethod(TestInvoker.java:664)
	at org.testng.internal.invokers.TestInvoker.invokeTestMethod(TestInvoker.java:227)
	at org.testng.internal.invokers.MethodRunner.runInSequence(MethodRunner.java:50)
	at org.testng.internal.invokers.TestInvoker$MethodInvocationAgent.invoke(TestInvoker.java:957)
	at org.testng.internal.invokers.TestInvoker.invokeTestMethods(TestInvoker.java:200)
	at org.testng.internal.invokers.TestMethodWorker.invokeTestMethods(TestMethodWorker.java:148)
	at org.testng.internal.invokers.TestMethodWorker.run(TestMethodWorker.java:128)
	at java.base/java.util.concurrent.ThreadPoolExecutor.runWorker(ThreadPoolExecutor.java:1136)
	at java.base/java.util.concurrent.ThreadPoolExecutor$Worker.run(ThreadPoolExecutor.java:635)
	at java.base/java.lang.Thread.run(Thread.java:840)
</pre></div></td>
<td>15</td>
<td>com.OrangeHRM.testcases.EndToEndScenarioTest@3b6c624</td></tr>
<tr>
<td title='com.OrangeHRM.testcases.ValidateLinks.TC06_Validatealltabs()'><b>TC06_Validatealltabs</b><br>Test class: com.OrangeHRM.testcases.ValidateLinks<br>Parameters: {Product2price=Rs. 1299, Pricelabel=cart_price, Product2qty=1, Email=vprsaran@gmail.com, Product1Total=Rs. 500, Totallabel=cart_total, Product1qty=1, TotalAmount=Rs. 1799, Productconfirmmsg=Your product has been added to cart., ProductTitle=Automation Exercise - All Products, Hometitle=Automation Exercise, Quantitylabel=cart_quantity, Shoppingtitle=Automation Exercise - Checkout, Product1price=Rs. 500, Productname2=Pure Cotton V-Neck T-Shirt, Productname1=Blue Top, Product2Total=Rs. 1299, Password=Testing@123}</td>
<td><div><pre>java.lang.AssertionError: expected [true] but found [false]
	at com.OrangeHRM.Utilities.ActionEngine.assertEqualsString_custom(ActionEngine.java:186)
	at com.OrangeHRM.testcases.ValidateLinks.TC06_Validatealltabs(ValidateLinks.java:33)
	at java.base/java.util.concurrent.ThreadPoolExecutor.runWorker(ThreadPoolExecutor.java:1136)
	at java.base/java.util.concurrent.ThreadPoolExecutor$Worker.run(ThreadPoolExecutor.java:635)
	at java.base/java.lang.Thread.run(Thread.java:840)
... Removed 16 stack frames</pre></div><a href='#' onClick='toggleBox("stack-trace520179497", this, "Click to show all stack frames", "Click to hide stack frames")'>Click to show all stack frames</a>
<div class='stack-trace' id='stack-trace520179497'><pre>java.lang.AssertionError: expected [true] but found [false]
	at org.testng.Assert.fail(Assert.java:111)
	at org.testng.Assert.failNotEquals(Assert.java:1578)
	at org.testng.Assert.assertTrue(Assert.java:57)
	at org.testng.Assert.assertTrue(Assert.java:67)
	at com.OrangeHRM.Utilities.ActionEngine.assertEqualsString_custom(ActionEngine.java:186)
	at com.OrangeHRM.testcases.ValidateLinks.TC06_Validatealltabs(ValidateLinks.java:33)
	at java.base/jdk.internal.reflect.NativeMethodAccessorImpl.invoke0(Native Method)
	at java.base/jdk.internal.reflect.NativeMethodAccessorImpl.invoke(NativeMethodAccessorImpl.java:77)
	at java.base/jdk.internal.reflect.DelegatingMethodAccessorImpl.invoke(DelegatingMethodAccessorImpl.java:43)
	at java.base/java.lang.reflect.Method.invoke(Method.java:568)
	at org.testng.internal.invokers.MethodInvocationHelper.invokeMethod(MethodInvocationHelper.java:139)
	at org.testng.internal.invokers.TestInvoker.invokeMethod(TestInvoker.java:664)
	at org.testng.internal.invokers.TestInvoker.invokeTestMethod(TestInvoker.java:227)
	at org.testng.internal.invokers.MethodRunner.runInSequence(MethodRunner.java:50)
	at org.testng.internal.invokers.TestInvoker$MethodInvocationAgent.invoke(TestInvoker.java:957)
	at org.testng.internal.invokers.TestInvoker.invokeTestMethods(TestInvoker.java:200)
	at org.testng.internal.invokers.TestMethodWorker.invokeTestMethods(TestMethodWorker.java:148)
	at org.testng.internal.invokers.TestMethodWorker.run(TestMethodWorker.java:128)
	at java.base/java.util.concurrent.ThreadPoolExecutor.runWorker(ThreadPoolExecutor.java:1136)
	at java.base/java.util.concurrent.ThreadPoolExecutor$Worker.run(ThreadPoolExecutor.java:635)
	at java.base/java.lang.Thread.run(Thread.java:840)
</pre></div></td>
<td>13</td>
<td>com.OrangeHRM.testcases.ValidateLinks@16a9a4f1</td></tr>
<tr>
<td title='com.OrangeHRM.testcases.Contactustest.TC007_verifycontactus()'><b>TC007_verifycontactus</b><br>Test class: com.OrangeHRM.testcases.Contactustest<br>Parameters: {Product2price=Rs. 1299, Pricelabel=cart_price, Product2qty=1, Email=vprsaran@gmail.com, Product1Total=Rs. 500, Totallabel=cart_total, Product1qty=1, TotalAmount=Rs. 1799, Productconfirmmsg=Your product has been added to cart., ProductTitle=Automation Exercise - All Products, Hometitle=Automation Exercise, Quantitylabel=cart_quantity, Shoppingtitle=Automation Exercise - Checkout, Product1price=Rs. 500, Productname2=Pure Cotton V-Neck T-Shirt, Productname1=Blue Top, Product2Total=Rs. 1299, Password=Testing@123}</td>
<td><div><pre>java.lang.AssertionError: java.lang.NullPointerException: Cannot invoke &quot;String.equals(Object)&quot; because &quot;actualValue&quot; is null expected [true] but found [false]
	at com.OrangeHRM.Utilities.ActionEngine.assertEqualsString_custom(ActionEngine.java:189)
	at com.OrangeHRM.testcases.Contactustest.TC007_verifycontactus(Contactustest.java:31)
	at java.base/java.util.concurrent.ThreadPoolExecutor.runWorker(ThreadPoolExecutor.java:1136)
	at java.base/java.util.concurrent.ThreadPoolExecutor$Worker.run(ThreadPoolExecutor.java:635)
	at java.base/java.lang.Thread.run(Thread.java:840)
... Removed 15 stack frames</pre></div><a href='#' onClick='toggleBox("stack-trace1176907855", this, "Click to show all stack frames", "Click to hide stack frames")'>Click to show all stack frames</a>
<div class='stack-trace' id='stack-trace1176907855'><pre>java.lang.AssertionError: java.lang.NullPointerException: Cannot invoke &quot;String.equals(Object)&quot; because &quot;actualValue&quot; is null expected [true] but found [false]
	at org.testng.Assert.fail(Assert.java:111)
	at org.testng.Assert.failNotEquals(Assert.java:1578)
	at org.testng.Assert.assertTrue(Assert.java:57)
	at com.OrangeHRM.Utilities.ActionEngine.assertEqualsString_custom(ActionEngine.java:189)
	at com.OrangeHRM.testcases.Contactustest.TC007_verifycontactus(Contactustest.java:31)
	at java.base/jdk.internal.reflect.NativeMethodAccessorImpl.invoke0(Native Method)
	at java.base/jdk.internal.reflect.NativeMethodAccessorImpl.invoke(NativeMethodAccessorImpl.java:77)
	at java.base/jdk.internal.reflect.DelegatingMethodAccessorImpl.invoke(DelegatingMethodAccessorImpl.java:43)
	at java.base/java.lang.reflect.Method.invoke(Method.java:568)
	at org.testng.internal.invokers.MethodInvocationHelper.invokeMethod(MethodInvocationHelper.java:139)
	at org.testng.internal.invokers.TestInvoker.invokeMethod(TestInvoker.java:664)
	at org.testng.internal.invokers.TestInvoker.invokeTestMethod(TestInvoker.java:227)
	at org.testng.internal.invokers.MethodRunner.runInSequence(MethodRunner.java:50)
	at org.testng.internal.invokers.TestInvoker$MethodInvocationAgent.invoke(TestInvoker.java:957)
	at org.testng.internal.invokers.TestInvoker.invokeTestMethods(TestInvoker.java:200)
	at org.testng.internal.invokers.TestMethodWorker.invokeTestMethods(TestMethodWorker.java:148)
	at org.testng.internal.invokers.TestMethodWorker.run(TestMethodWorker.java:128)
	at java.base/java.util.concurrent.ThreadPoolExecutor.runWorker(ThreadPoolExecutor.java:1136)
	at java.base/java.util.concurrent.ThreadPoolExecutor$Worker.run(ThreadPoolExecutor.java:635)
	at java.base/java.lang.Thread.run(Thread.java:840)
</pre></div></td>
<td>11</td>
<td>com.OrangeHRM.testcases.Contactustest@6b68cb27</td></tr>
<tr>
<td title='com.OrangeHRM.testcases.SearchProductAndAddProduct.TC05_SearchandAddpdt()'><b>TC05_SearchandAddpdt</b><br>Test class: com.OrangeHRM.testcases.SearchProductAndAddProduct<br>Parameters: {Product2price=Rs. 1299, Pricelabel=cart_price, Product2qty=1, Email=vprsaran@gmail.com, Product1Total=Rs. 500, Totallabel=cart_total, Product1qty=1, TotalAmount=Rs. 1799, Productconfirmmsg=Your product has been added to cart., ProductTitle=Automation Exercise - All Products, Hometitle=Automation Exercise, Quantitylabel=cart_quantity, Shoppingtitle=Automation Exercise - Checkout, Product1price=Rs. 500, Productname2=Pure Cotton V-Neck T-Shirt, Productname1=Blue Top, Product2Total=Rs. 1299, Password=Testing@123}</td>
<td><div><pre>java.lang.AssertionError: expected [Your product has been added to cart.] but found []
	at com.OrangeHRM.testcases.SearchProductAndAddProduct.TC05_SearchandAddpdt(SearchProductAndAddProduct.java:66)
	at java.base/java.util.concurrent.ThreadPoolExecutor.runWorker(ThreadPoolExecutor.java:1136)
	at java.base/java.util.concurrent.ThreadPoolExecutor$Worker.run(ThreadPoolExecutor.java:635)
	at java.base/java.lang.Thread.run(Thread.java:840)
... Removed 18 stack frames</pre></div><a href='#' onClick='toggleBox("stack-trace645598677", this, "Click to show all stack frames", "Click to hide stack frames")'>Click to show all stack frames</a>
<div class='stack-trace' id='stack-trace645598677'><pre>java.lang.AssertionError: expected [Your product has been added to cart.] but found []
	at org.testng.Assert.fail(Assert.java:111)
	at org.testng.Assert.failNotEquals(Assert.java:1578)
	at org.testng.Assert.assertEqualsImpl(Assert.java:150)
	at org.testng.Assert.assertEquals(Assert.java:132)
	at org.testng.Assert.assertEquals(Assert.java:656)
	at org.testng.Assert.assertEquals(Assert.java:666)
	at com.OrangeHRM.testcases.SearchProductAndAddProduct.TC05_SearchandAddpdt(SearchProductAndAddProduct.java:66)
	at java.base/jdk.internal.reflect.NativeMethodAccessorImpl.invoke0(Native Method)
	at java.base/jdk.internal.reflect.NativeMethodAccessorImpl.invoke(NativeMethodAccessorImpl.java:77)
	at java.base/jdk.internal.reflect.DelegatingMethodAccessorImpl.invoke(DelegatingMethodAccessorImpl.java:43)
	at java.base/java.lang.reflect.Method.invoke(Method.java:568)
	at org.testng.internal.invokers.MethodInvocationHelper.invokeMethod(MethodInvocationHelper.java:139)
	at org.testng.internal.invokers.TestInvoker.invokeMethod(TestInvoker.java:664)
	at org.testng.internal.invokers.TestInvoker.invokeTestMethod(TestInvoker.java:227)
	at org.testng.internal.invokers.MethodRunner.runInSequence(MethodRunner.java:50)
	at org.testng.internal.invokers.TestInvoker$MethodInvocationAgent.invoke(TestInvoker.java:957)
	at org.testng.internal.invokers.TestInvoker.invokeTestMethods(TestInvoker.java:200)
	at org.testng.internal.invokers.TestMethodWorker.invokeTestMethods(TestMethodWorker.java:148)
	at org.testng.internal.invokers.TestMethodWorker.run(TestMethodWorker.java:128)
	at java.base/java.util.concurrent.ThreadPoolExecutor.runWorker(ThreadPoolExecutor.java:1136)
	at java.base/java.util.concurrent.ThreadPoolExecutor$Worker.run(ThreadPoolExecutor.java:635)
	at java.base/java.lang.Thread.run(Thread.java:840)
</pre></div></td>
<td>80</td>
<td>com.OrangeHRM.testcases.SearchProductAndAddProduct@3c7cfcbb</td></tr>
</table><p>
<table width='100%' border='1' class='invocation-passed'>
<tr><td colspan='4' align='center'><b>PASSED TESTS</b></td></tr>
<tr><td><b>Test method</b></td>
<td><b>Attribute(s)</b></td>
<td width="30%"><b>Exception</b></td>
<td width="10%"><b>Time (seconds)</b></td>
<td><b>Instance</b></td>
</tr>
<tr>
<td title='com.OrangeHRM.testcases.Categorytest.TC06_ViewCategoryPdts()'><b>TC06_ViewCategoryPdts</b><br>Test class: com.OrangeHRM.testcases.Categorytest<br>Parameters: {Product2price=Rs. 1299, Pricelabel=cart_price, Product2qty=1, Email=vprsaran@gmail.com, Product1Total=Rs. 500, Totallabel=cart_total, Product1qty=1, TotalAmount=Rs. 1799, Productconfirmmsg=Your product has been added to cart., ProductTitle=Automation Exercise - All Products, Hometitle=Automation Exercise, Quantitylabel=cart_quantity, Shoppingtitle=Automation Exercise - Checkout, Product1price=Rs. 500, Productname2=Pure Cotton V-Neck T-Shirt, Productname1=Blue Top, Product2Total=Rs. 1299, Password=Testing@123}</td>
<td></td>
<td>40</td>
<td>com.OrangeHRM.testcases.Categorytest@61f3fbb8</td></tr>
<tr>
<td title='com.OrangeHRM.testcases.SearchProduct.TC03_searchpdt()'><b>TC03_searchpdt</b><br>Test class: com.OrangeHRM.testcases.SearchProduct<br>Parameters: {Product2price=Rs. 1299, Pricelabel=cart_price, Product2qty=1, Email=vprsaran@gmail.com, Product1Total=Rs. 500, Totallabel=cart_total, Product1qty=1, TotalAmount=Rs. 1799, Productconfirmmsg=Your product has been added to cart., ProductTitle=Automation Exercise - All Products, Hometitle=Automation Exercise, Quantitylabel=cart_quantity, Shoppingtitle=Automation Exercise - Checkout, Product1price=Rs. 500, Productname2=Pure Cotton V-Neck T-Shirt, Productname1=Blue Top, Product2Total=Rs. 1299, Password=Testing@123}</td>
<td></td>
<td>16</td>
<td>com.OrangeHRM.testcases.SearchProduct@543e593</td></tr>
<tr>
<td title='com.OrangeHRM.testcases.Producttest.TC02_ViewProduct()'><b>TC02_ViewProduct</b><br>Test class: com.OrangeHRM.testcases.Producttest<br>Parameters: {Product2price=Rs. 1299, Pricelabel=cart_price, Product2qty=1, Email=vprsaran@gmail.com, Product1Total=Rs. 500, Totallabel=cart_total, Product1qty=1, TotalAmount=Rs. 1799, Productconfirmmsg=Your product has been added to cart., ProductTitle=Automation Exercise - All Products, Hometitle=Automation Exercise, Quantitylabel=cart_quantity, Shoppingtitle=Automation Exercise - Checkout, Product1price=Rs. 500, Productname2=Pure Cotton V-Neck T-Shirt, Productname1=Blue Top, Product2Total=Rs. 1299, Password=Testing@123}</td>
<td></td>
<td>16</td>
<td>com.OrangeHRM.testcases.Producttest@2b4c3c29</td></tr>
<tr>
<td title='com.OrangeHRM.testcases.Logintest.TC001_logintest()'><b>TC001_logintest</b><br>Test class: com.OrangeHRM.testcases.Logintest<br>Parameters: {Product2price=Rs. 1299, Pricelabel=cart_price, Product2qty=1, Email=vprsaran@gmail.com, Product1Total=Rs. 500, Totallabel=cart_total, Product1qty=1, TotalAmount=Rs. 1799, Productconfirmmsg=Your product has been added to cart., ProductTitle=Automation Exercise - All Products, Hometitle=Automation Exercise, Quantitylabel=cart_quantity, Shoppingtitle=Automation Exercise - Checkout, Product1price=Rs. 500, Productname2=Pure Cotton V-Neck T-Shirt, Productname1=Blue Top, Product2Total=Rs. 1299, Password=Testing@123}</td>
<td></td>
<td>9</td>
<td>com.OrangeHRM.testcases.Logintest@ecfbe91</td></tr>
</table><p>
</body>
</html>